🚀 Experiment Log — 2025-05-22 19:05:50.103224

2025-05-22 19:05:50.104231 — Started DuelingDDQN
2025-05-22 19:05:59.834605 — Finished DuelingDDQN in 9.72s
2025-05-22 19:05:59.835606 — → CSV: metrics_DuelingDDQN.csv
2025-05-22 19:05:59.835606 — → MP4: video_DuelingDDQN.mp4
2025-05-22 19:05:59.836606 — ————————————————————————————————————————————————————————————
2025-05-22 19:05:59.837607 — Started QRDQN
2025-05-22 19:06:06.661749 — Finished QRDQN in 6.82s
2025-05-22 19:06:06.663750 — → CSV: metrics_QRDQN.csv
2025-05-22 19:06:06.665749 — → MP4: video_QRDQN.mp4
2025-05-22 19:06:06.665749 — ————————————————————————————————————————————————————————————
2025-05-22 19:06:06.676749 — Started DuelingDDQNPrioritized
2025-05-22 19:06:13.831398 — Finished DuelingDDQNPrioritized in 7.15s
2025-05-22 19:06:13.832401 — → CSV: metrics_DuelingDDQNPrioritized.csv
2025-05-22 19:06:13.833401 — → MP4: video_DuelingDDQNPrioritized.mp4
2025-05-22 19:06:13.834400 — ————————————————————————————————————————————————————————————
2025-05-22 19:06:13.835398 — Started NoisyDuelingDDQN
2025-05-22 19:06:21.413698 — Finished NoisyDuelingDDQN in 7.58s
2025-05-22 19:06:21.414698 — → CSV: metrics_NoisyDuelingDDQN.csv
2025-05-22 19:06:21.414698 — → MP4: video_NoisyDuelingDDQN.mp4
2025-05-22 19:06:21.415699 — ————————————————————————————————————————————————————————————
